<?xml version="1.0" encoding="UTF-8"?>
<robot generator="Robot 6.0.1 (Python 3.11.1 on darwin)" generated="20230112 13:58:59.325" rpa="false" schemaversion="3">
<suite id="s1" name="Login" source="/Users/vira/Documents/automation_warpin/exercise/TestSuite/Login.robot">
<test id="s1-t1" name="User login without input email Fields" line="24">
<kw name="Given User open MIFX login page" library="login">
<kw name="Open Browser" library="Selenium2Library">
<arg>${url}</arg>
<arg>${browser}</arg>
<doc>Opens a new browser instance to the optional ``url``.</doc>
<msg timestamp="20230112 13:58:59.410" level="INFO">Opening browser 'Chrome' to base url 'https://mifx.com/clientarea/index'.</msg>
<status status="PASS" starttime="20230112 13:58:59.410" endtime="20230112 13:59:33.651"/>
</kw>
<kw name="Maximize Browser Window" library="Selenium2Library">
<doc>Maximizes current browser window.</doc>
<status status="PASS" starttime="20230112 13:59:33.652" endtime="20230112 13:59:34.097"/>
</kw>
<status status="PASS" starttime="20230112 13:58:59.410" endtime="20230112 13:59:34.097"/>
</kw>
<kw name="When user input correct password" library="login">
<kw name="Wait Until Element Is Visible" library="Selenium2Library">
<arg>${password}</arg>
<doc>Waits until the element ``locator`` is visible.</doc>
<status status="PASS" starttime="20230112 13:59:34.098" endtime="20230112 13:59:34.275"/>
</kw>
<kw name="Input Password" library="Selenium2Library">
<arg>${password}</arg>
<arg>Virahidayat16</arg>
<doc>Types the given password into the text field identified by ``locator``.</doc>
<msg timestamp="20230112 13:59:34.276" level="INFO">Typing password into text field '//input[@id='LiveTmp_password']'.</msg>
<msg timestamp="20230112 13:59:34.309" level="INFO">Temporally setting log level to: NONE</msg>
<msg timestamp="20230112 13:59:34.810" level="INFO">Log level changed from NONE to INFO.</msg>
<status status="PASS" starttime="20230112 13:59:34.275" endtime="20230112 13:59:34.811"/>
</kw>
<status status="PASS" starttime="20230112 13:59:34.098" endtime="20230112 13:59:34.811"/>
</kw>
<kw name="And User click login button" library="login">
<kw name="Wait Until Element Is Visible" library="Selenium2Library">
<arg>${login_btn}</arg>
<doc>Waits until the element ``locator`` is visible.</doc>
<status status="PASS" starttime="20230112 13:59:34.811" endtime="20230112 13:59:34.914"/>
</kw>
<kw name="Click Element" library="Selenium2Library">
<arg>${login_btn}</arg>
<doc>Click the element identified by ``locator``.</doc>
<msg timestamp="20230112 13:59:34.914" level="INFO">Clicking element '//input[@name='submit']'.</msg>
<status status="PASS" starttime="20230112 13:59:34.914" endtime="20230112 13:59:36.497"/>
</kw>
<status status="PASS" starttime="20230112 13:59:34.811" endtime="20230112 13:59:36.497"/>
</kw>
<kw name="Then User will see warning message Please Fill All Fields" library="login">
<kw name="Wait Until Element Is Visible" library="Selenium2Library">
<arg>${warn_leave_blank}</arg>
<doc>Waits until the element ``locator`` is visible.</doc>
<status status="PASS" starttime="20230112 13:59:36.497" endtime="20230112 13:59:37.943"/>
</kw>
<kw name="Element Should Contain" library="Selenium2Library">
<arg>${warn_leave_blank}</arg>
<arg>Format email yang Anda masukkan salah</arg>
<doc>Verifies that element ``locator`` contains text ``expected``.</doc>
<msg timestamp="20230112 13:59:37.959" level="INFO">Element '//div[@class='ueFormCheckErrorMessage']' contains text 'Format email yang Anda masukkan salah'.</msg>
<status status="PASS" starttime="20230112 13:59:37.943" endtime="20230112 13:59:37.959"/>
</kw>
<status status="PASS" starttime="20230112 13:59:36.497" endtime="20230112 13:59:37.959"/>
</kw>
<kw name="Custom Teardown" library="login" type="TEARDOWN">
<kw name="Run Keyword If Test Failed" library="BuiltIn">
<arg>Log</arg>
<arg>Test failed</arg>
<doc>Runs the given keyword with the given arguments, if the test failed.</doc>
<status status="PASS" starttime="20230112 13:59:37.960" endtime="20230112 13:59:37.960"/>
</kw>
<kw name="Run Keyword If Test Passed" library="BuiltIn">
<arg>Log</arg>
<arg>Test passed</arg>
<doc>Runs the given keyword with the given arguments, if the test passed.</doc>
<kw name="Log" library="BuiltIn">
<arg>Test passed</arg>
<doc>Logs the given message with the given level.</doc>
<msg timestamp="20230112 13:59:37.960" level="INFO">Test passed</msg>
<status status="PASS" starttime="20230112 13:59:37.960" endtime="20230112 13:59:37.960"/>
</kw>
<status status="PASS" starttime="20230112 13:59:37.960" endtime="20230112 13:59:37.960"/>
</kw>
<status status="PASS" starttime="20230112 13:59:37.960" endtime="20230112 13:59:37.960"/>
</kw>
<status status="PASS" starttime="20230112 13:58:59.410" endtime="20230112 13:59:37.960"/>
</test>
<status status="PASS" starttime="20230112 13:58:59.326" endtime="20230112 13:59:37.960"/>
</suite>
<statistics>
<total>
<stat pass="1" fail="0" skip="0">All Tests</stat>
</total>
<tag>
</tag>
<suite>
<stat pass="1" fail="0" skip="0" id="s1" name="Login">Login</stat>
</suite>
</statistics>
<errors>
</errors>
</robot>
